Starting job 1536643 on c6-2 at Mon Nov 16 14:57:12 CET 2020

mkdir: cannot create directory 'DADA2_AS': File exists

Task and CPU usage stats:
       JobID    JobName  AllocCPUS   NTasks     MinCPU MinCPUTask     AveCPU    Elapsed ExitCode 
------------ ---------- ---------- -------- ---------- ---------- ---------- ---------- -------- 
1536643          demult          4                                             00:00:00      1:0 
1536643.bat+      batch          4        1   00:00:00          0   00:00:00   00:00:00      1:0 
1536643.ext+     extern          4        1   00:00:00          0   00:00:00   00:00:00      0:0 

Memory usage stats:
       JobID     MaxRSS MaxRSSTask     AveRSS MaxPages   MaxPagesTask   AvePages 
------------ ---------- ---------- ---------- -------- -------------- ---------- 
1536643                                                                          
1536643.bat+          0          0          0        0              0          0 
1536643.ext+          0          0          0        0              0          0 

Disk usage stats:
       JobID  MaxDiskRead MaxDiskReadTask    AveDiskRead MaxDiskWrite MaxDiskWriteTask   AveDiskWrite 
------------ ------------ --------------- -------------- ------------ ---------------- -------------- 
1536643                                                                                               
1536643.bat+            0               0              0            0                0              0 
1536643.ext+        0.00M               0          0.00M            0                0              0 

Job 1536643 completed at Mon Nov 16 14:57:13 CET 2020
